<?xml version="1.0" encoding="UTF-8"?>
<testsuite name="com.cognizant.shoppingcart.AppTest" tests="1" skipped="0" failures="0" errors="0" timestamp="2019-04-23T14:55:39" hostname="MACPCUS82340" time="0.001">
  <properties/>
  <testcase name="testAppHasAGreeting" classname="com.cognizant.shoppingcart.AppTest" time="0.001"/>
  <system-out><![CDATA[]]></system-out>
  <system-err><![CDATA[]]></system-err>
</testsuite>
